<?xml version="1.0" encoding="UTF-8"?>
<!-- Generated by org.testng.reporters.JUnitXMLReporter -->
<testsuite ignored="0" hostname="bijitp10-pc" failures="0" tests="3" name="OrangeHRM App Test Cases" time="40.867" errors="0" timestamp="2022-02-14T16:53:15 IST">
  <testcase classname="com.qa.testcases.LoginPageTest" name="login_Page_Title_Test" time="0.014"/>
  <testcase classname="com.qa.testcases.LoginPageTest" name="orangeHRM_Logo_Image_Test" time="0.068"/>
  <testcase classname="com.qa.testcases.LoginPageTest" name="login_Test" time="1.693"/>
</testsuite> <!-- OrangeHRM App Test Cases -->
